# JRE version: OpenJDK Runtime Environment Temurin-21.0.8+9 (21.0.8+9) (build 21.0.8+9-LTS)
# Java VM: OpenJDK 64-Bit Server VM Temurin-21.0.8+9 (21.0.8+9-LTS, mixed mode, sharing, tiered, compressed oops, compressed class ptrs, parallel gc, windows-amd64)
GC Precious Log:
 CardTable entry size: 512
 CPUs: 12 total, 12 available
 Memory: 16087M
 Large Page Support: Disabled
 NUMA Support: Disabled
 Compressed Oops: Enabled (32-bit)
 Alignments: Space 512K, Generation 512K, Heap 2M
 Heap Min Capacity: 100M
 Heap Initial Capacity: 100M
 Heap Max Capacity: 2G
 Pre-touch: Disabled
 Parallel Workers: 10
Heap:
 PSYoungGen      total 4608K, used 917K [0x00000000d5580000, 0x00000000d5a80000, 0x0000000100000000)
  eden space 3584K, 16% used [0x00000000d5580000,0x00000000d5615430,0x00000000d5900000)
  from space 1024K, 31% used [0x00000000d5980000,0x00000000d59d0000,0x00000000d5a80000)
  to   space 512K, 0% used [0x00000000d5900000,0x00000000d5900000,0x00000000d5980000)
 ParOldGen       total 582144K, used 581736K [0x0000000080000000, 0x00000000a3880000, 0x00000000d5580000)
  object space 582144K, 99% used [0x0000000080000000,0x00000000a381a360,0x00000000a3880000)
 Metaspace       used 72850K, committed 74432K, reserved 1179648K
  class space    used 7795K, committed 8512K, reserved 1048576K
GC Heap History (20 events):
Event: 262.899 GC heap before
{Heap before GC invocations=470 (full 3):
 PSYoungGen      total 2048K, used 2022K [0x00000000d5580000, 0x00000000d5e80000, 0x0000000100000000)
  eden space 1536K, 100% used [0x00000000d5580000,0x00000000d5700000,0x00000000d5700000)
  from space 512K, 95% used [0x00000000d5a00000,0x00000000d5a79b28,0x00000000d5a80000)
  to   space 3072K, 0% used [0x00000000d5700000,0x00000000d5700000,0x00000000d5a00000)
 ParOldGen       total 573952K, used 573831K [0x0000000080000000, 0x00000000a3080000, 0x00000000d5580000)
  object space 573952K, 99% used [0x0000000080000000,0x00000000a3061dc8,0x00000000a3080000)
 Metaspace       used 72779K, committed 74368K, reserved 1179648K
  class space    used 7790K, committed 8512K, reserved 1048576K
}
Event: 262.900 GC heap after
{Heap after GC invocations=470 (full 3):
 PSYoungGen      total 3584K, used 1664K [0x00000000d5580000, 0x00000000d5b00000, 0x0000000100000000)
  eden space 1536K, 0% used [0x00000000d5580000,0x00000000d5580000,0x00000000d5700000)
  from space 2048K, 81% used [0x00000000d5700000,0x00000000d58a0000,0x00000000d5900000)
  to   space 2048K, 0% used [0x00000000d5900000,0x00000000d5900000,0x00000000d5b00000)
 ParOldGen       total 574464K, used 574355K [0x0000000080000000, 0x00000000a3100000, 0x00000000d5580000)
  object space 574464K, 99% used [0x0000000080000000,0x00000000a30e4d70,0x00000000a3100000)
 Metaspace       used 72779K, committed 74368K, reserved 1179648K
  class space    used 7790K, committed 8512K, reserved 1048576K
}
Event: 262.902 GC heap before
{Heap before GC invocations=471 (full 3):
 PSYoungGen      total 3584K, used 3200K [0x00000000d5580000, 0x00000000d5b00000, 0x0000000100000000)
  eden space 1536K, 100% used [0x00000000d5580000,0x00000000d5700000,0x00000000d5700000)
  from space 2048K, 81% used [0x00000000d5700000,0x00000000d58a0000,0x00000000d5900000)
  to   space 2048K, 0% used [0x00000000d5900000,0x00000000d5900000,0x00000000d5b00000)
 ParOldGen       total 574464K, used 574355K [0x0000000080000000, 0x00000000a3100000, 0x00000000d5580000)
  object space 574464K, 99% used [0x0000000080000000,0x00000000a30e4d70,0x00000000a3100000)
 Metaspace       used 72779K, committed 74368K, reserved 1179648K
  class space    used 7790K, committed 8512K, reserved 1048576K
}
Event: 262.904 GC heap after
{Heap after GC invocations=471 (full 3):
 PSYoungGen      total 3584K, used 736K [0x00000000d5580000, 0x00000000d5a80000, 0x0000000100000000)
  eden space 2048K, 0% used [0x00000000d5580000,0x00000000d5580000,0x00000000d5780000)
  from space 1536K, 47% used [0x00000000d5900000,0x00000000d59b8000,0x00000000d5a80000)
  to   space 1536K, 0% used [0x00000000d5780000,0x00000000d5780000,0x00000000d5900000)
 ParOldGen       total 576000K, used 575859K [0x0000000080000000, 0x00000000a3280000, 0x00000000d5580000)
  object space 576000K, 99% used [0x0000000080000000,0x00000000a325cd70,0x00000000a3280000)
 Metaspace       used 72779K, committed 74368K, reserved 1179648K
  class space    used 7790K, committed 8512K, reserved 1048576K
}
Event: 262.911 GC heap before
{Heap before GC invocations=472 (full 3):
 PSYoungGen      total 3584K, used 2783K [0x00000000d5580000, 0x00000000d5a80000, 0x0000000100000000)
  eden space 2048K, 99% used [0x00000000d5580000,0x00000000d577fff8,0x00000000d5780000)
  from space 1536K, 47% used [0x00000000d5900000,0x00000000d59b8000,0x00000000d5a80000)
  to   space 1536K, 0% used [0x00000000d5780000,0x00000000d5780000,0x00000000d5900000)
 ParOldGen       total 576000K, used 575859K [0x0000000080000000, 0x00000000a3280000, 0x00000000d5580000)
  object space 576000K, 99% used [0x0000000080000000,0x00000000a325cd70,0x00000000a3280000)
 Metaspace       used 72789K, committed 74368K, reserved 1179648K
  class space    used 7790K, committed 8512K, reserved 1048576K
}
Event: 262.912 GC heap after
{Heap after GC invocations=472 (full 3):
 PSYoungGen      total 2560K, used 352K [0x00000000d5580000, 0x00000000d5980000, 0x0000000100000000)
  eden space 2048K, 0% used [0x00000000d5580000,0x00000000d5580000,0x00000000d5780000)
  from space 512K, 68% used [0x00000000d5780000,0x00000000d57d8000,0x00000000d5800000)
  to   space 1024K, 0% used [0x00000000d5880000,0x00000000d5880000,0x00000000d5980000)
 ParOldGen       total 576512K, used 576448K [0x0000000080000000, 0x00000000a3300000, 0x00000000d5580000)
  object space 576512K, 99% used [0x0000000080000000,0x00000000a32f00c8,0x00000000a3300000)
 Metaspace       used 72789K, committed 74368K, reserved 1179648K
  class space    used 7790K, committed 8512K, reserved 1048576K
}
Event: 263.303 GC heap before
{Heap before GC invocations=473 (full 3):
 PSYoungGen      total 2560K, used 2400K [0x00000000d5580000, 0x00000000d5980000, 0x0000000100000000)
  eden space 2048K, 100% used [0x00000000d5580000,0x00000000d5780000,0x00000000d5780000)
  from space 512K, 68% used [0x00000000d5780000,0x00000000d57d8000,0x00000000d5800000)
  to   space 1024K, 0% used [0x00000000d5880000,0x00000000d5880000,0x00000000d5980000)
 ParOldGen       total 576512K, used 576448K [0x0000000080000000, 0x00000000a3300000, 0x00000000d5580000)
  object space 576512K, 99% used [0x0000000080000000,0x00000000a32f00c8,0x00000000a3300000)
 Metaspace       used 72791K, committed 74368K, reserved 1179648K
  class space    used 7790K, committed 8512K, reserved 1048576K
}
Event: 263.304 GC heap after
{Heap after GC invocations=473 (full 3):
 PSYoungGen      total 2560K, used 1005K [0x00000000d5580000, 0x00000000d5a80000, 0x0000000100000000)
  eden space 1536K, 0% used [0x00000000d5580000,0x00000000d5580000,0x00000000d5700000)
  from space 1024K, 98% used [0x00000000d5880000,0x00000000d597b650,0x00000000d5980000)
  to   space 1536K, 0% used [0x00000000d5700000,0x00000000d5700000,0x00000000d5880000)
 ParOldGen       total 577024K, used 576669K [0x0000000080000000, 0x00000000a3380000, 0x00000000d5580000)
  object space 577024K, 99% used [0x0000000080000000,0x00000000a33275c8,0x00000000a3380000)
 Metaspace       used 72791K, committed 74368K, reserved 1179648K
  class space    used 7790K, committed 8512K, reserved 1048576K
}
Event: 263.306 GC heap before
{Heap before GC invocations=474 (full 3):
 PSYoungGen      total 2560K, used 2541K [0x00000000d5580000, 0x00000000d5a80000, 0x0000000100000000)
  eden space 1536K, 100% used [0x00000000d5580000,0x00000000d5700000,0x00000000d5700000)
  from space 1024K, 98% used [0x00000000d5880000,0x00000000d597b650,0x00000000d5980000)
  to   space 1536K, 0% used [0x00000000d5700000,0x00000000d5700000,0x00000000d5880000)
 ParOldGen       total 577024K, used 576669K [0x0000000080000000, 0x00000000a3380000, 0x00000000d5580000)
  object space 577024K, 99% used [0x0000000080000000,0x00000000a33275c8,0x00000000a3380000)
 Metaspace       used 72791K, committed 74368K, reserved 1179648K
  class space    used 7790K, committed 8512K, reserved 1048576K
}
Event: 263.307 GC heap after
{Heap after GC invocations=474 (full 3):
 PSYoungGen      total 3072K, used 1536K [0x00000000d5580000, 0x00000000d5d80000, 0x0000000100000000)
  eden space 1536K, 0% used [0x00000000d5580000,0x00000000d5580000,0x00000000d5700000)
  from space 1536K, 100% used [0x00000000d5700000,0x00000000d5880000,0x00000000d5880000)
  to   space 3072K, 0% used [0x00000000d5a80000,0x00000000d5a80000,0x00000000d5d80000)
 ParOldGen       total 578048K, used 577729K [0x0000000080000000, 0x00000000a3480000, 0x00000000d5580000)
  object space 578048K, 99% used [0x0000000080000000,0x00000000a3430658,0x00000000a3480000)
 Metaspace       used 72791K, committed 74368K, reserved 1179648K
  class space    used 7790K, committed 8512K, reserved 1048576K
}
Event: 263.309 GC heap before
{Heap before GC invocations=475 (full 3):
 PSYoungGen      total 3072K, used 3062K [0x00000000d5580000, 0x00000000d5d80000, 0x0000000100000000)
  eden space 1536K, 99% used [0x00000000d5580000,0x00000000d56fd868,0x00000000d5700000)
  from space 1536K, 100% used [0x00000000d5700000,0x00000000d5880000,0x00000000d5880000)
  to   space 3072K, 0% used [0x00000000d5a80000,0x00000000d5a80000,0x00000000d5d80000)
 ParOldGen       total 578048K, used 577729K [0x0000000080000000, 0x00000000a3480000, 0x00000000d5580000)
  object space 578048K, 99% used [0x0000000080000000,0x00000000a3430658,0x00000000a3480000)
 Metaspace       used 72791K, committed 74368K, reserved 1179648K
  class space    used 7790K, committed 8512K, reserved 1048576K
}
Event: 263.311 GC heap after
{Heap after GC invocations=475 (full 3):
 PSYoungGen      total 4096K, used 1632K [0x00000000d5580000, 0x00000000d5c80000, 0x0000000100000000)
  eden space 2048K, 0% used [0x00000000d5580000,0x00000000d5580000,0x00000000d5780000)
  from space 2048K, 79% used [0x00000000d5a80000,0x00000000d5c18000,0x00000000d5c80000)
  to   space 2048K, 0% used [0x00000000d5880000,0x00000000d5880000,0x00000000d5a80000)
 ParOldGen       total 579584K, used 579233K [0x0000000080000000, 0x00000000a3600000, 0x00000000d5580000)
  object space 579584K, 99% used [0x0000000080000000,0x00000000a35a8658,0x00000000a3600000)
 Metaspace       used 72791K, committed 74368K, reserved 1179648K
  class space    used 7790K, committed 8512K, reserved 1048576K
}
Event: 263.317 GC heap before
{Heap before GC invocations=476 (full 3):
 PSYoungGen      total 4096K, used 3680K [0x00000000d5580000, 0x00000000d5c80000, 0x0000000100000000)
  eden space 2048K, 100% used [0x00000000d5580000,0x00000000d5780000,0x00000000d5780000)
  from space 2048K, 79% used [0x00000000d5a80000,0x00000000d5c18000,0x00000000d5c80000)
  to   space 2048K, 0% used [0x00000000d5880000,0x00000000d5880000,0x00000000d5a80000)
 ParOldGen       total 579584K, used 579233K [0x0000000080000000, 0x00000000a3600000, 0x00000000d5580000)
  object space 579584K, 99% used [0x0000000080000000,0x00000000a35a8658,0x00000000a3600000)
 Metaspace       used 72793K, committed 74368K, reserved 1179648K
  class space    used 7790K, committed 8512K, reserved 1048576K
}
Event: 263.318 GC heap after
{Heap after GC invocations=476 (full 3):
 PSYoungGen      total 3584K, used 576K [0x00000000d5580000, 0x00000000d5b00000, 0x0000000100000000)
  eden space 2560K, 0% used [0x00000000d5580000,0x00000000d5580000,0x00000000d5800000)
  from space 1024K, 56% used [0x00000000d5880000,0x00000000d5910000,0x00000000d5980000)
  to   space 1024K, 0% used [0x00000000d5a00000,0x00000000d5a00000,0x00000000d5b00000)
 ParOldGen       total 581120K, used 580689K [0x0000000080000000, 0x00000000a3780000, 0x00000000d5580000)
  object space 581120K, 99% used [0x0000000080000000,0x00000000a3714658,0x00000000a3780000)
 Metaspace       used 72793K, committed 74368K, reserved 1179648K
  class space    used 7790K, committed 8512K, reserved 1048576K
}
Event: 263.947 GC heap before
{Heap before GC invocations=477 (full 3):
 PSYoungGen      total 3584K, used 3136K [0x00000000d5580000, 0x00000000d5b00000, 0x0000000100000000)
  eden space 2560K, 100% used [0x00000000d5580000,0x00000000d5800000,0x00000000d5800000)
  from space 1024K, 56% used [0x00000000d5880000,0x00000000d5910000,0x00000000d5980000)
  to   space 1024K, 0% used [0x00000000d5a00000,0x00000000d5a00000,0x00000000d5b00000)
 ParOldGen       total 581120K, used 580689K [0x0000000080000000, 0x00000000a3780000, 0x00000000d5580000)
  object space 581120K, 99% used [0x0000000080000000,0x00000000a3714658,0x00000000a3780000)
 Metaspace       used 72827K, committed 74432K, reserved 1179648K
  class space    used 7795K, committed 8512K, reserved 1048576K
}
Event: 263.948 GC heap after
{Heap after GC invocations=477 (full 3):
 PSYoungGen      total 3584K, used 448K [0x00000000d5580000, 0x00000000d5a80000, 0x0000000100000000)
  eden space 3072K, 0% used [0x00000000d5580000,0x00000000d5580000,0x00000000d5880000)
  from space 512K, 87% used [0x00000000d5a00000,0x00000000d5a70020,0x00000000d5a80000)
  to   space 1024K, 0% used [0x00000000d5880000,0x00000000d5880000,0x00000000d5980000)
 ParOldGen       total 581632K, used 581123K [0x0000000080000000, 0x00000000a3800000, 0x00000000d5580000)
  object space 581632K, 99% used [0x0000000080000000,0x00000000a3780eb0,0x00000000a3800000)
 Metaspace       used 72827K, committed 74432K, reserved 1179648K
  class space    used 7795K, committed 8512K, reserved 1048576K
}
Event: 263.955 GC heap before
{Heap before GC invocations=478 (full 3):
 PSYoungGen      total 3584K, used 3520K [0x00000000d5580000, 0x00000000d5a80000, 0x0000000100000000)
  eden space 3072K, 100% used [0x00000000d5580000,0x00000000d5880000,0x00000000d5880000)
  from space 512K, 87% used [0x00000000d5a00000,0x00000000d5a70020,0x00000000d5a80000)
  to   space 1024K, 0% used [0x00000000d5880000,0x00000000d5880000,0x00000000d5980000)
 ParOldGen       total 581632K, used 581123K [0x0000000080000000, 0x00000000a3800000, 0x00000000d5580000)
  object space 581632K, 99% used [0x0000000080000000,0x00000000a3780eb0,0x00000000a3800000)
 Metaspace       used 72830K, committed 74432K, reserved 1179648K
  class space    used 7795K, committed 8512K, reserved 1048576K
}
Event: 263.956 GC heap after
{Heap after GC invocations=478 (full 3):
 PSYoungGen      total 4096K, used 560K [0x00000000d5580000, 0x00000000d5a80000, 0x0000000100000000)
  eden space 3072K, 0% used [0x00000000d5580000,0x00000000d5580000,0x00000000d5880000)
  from space 1024K, 54% used [0x00000000d5880000,0x00000000d590c010,0x00000000d5980000)
  to   space 1024K, 0% used [0x00000000d5980000,0x00000000d5980000,0x00000000d5a80000)
 ParOldGen       total 581632K, used 581320K [0x0000000080000000, 0x00000000a3800000, 0x00000000d5580000)
  object space 581632K, 99% used [0x0000000080000000,0x00000000a37b2350,0x00000000a3800000)
 Metaspace       used 72830K, committed 74432K, reserved 1179648K
  class space    used 7795K, committed 8512K, reserved 1048576K
}
Event: 264.018 GC heap before
{Heap before GC invocations=479 (full 3):
 PSYoungGen      total 4096K, used 3628K [0x00000000d5580000, 0x00000000d5a80000, 0x0000000100000000)
  eden space 3072K, 99% used [0x00000000d5580000,0x00000000d587f278,0x00000000d5880000)
  from space 1024K, 54% used [0x00000000d5880000,0x00000000d590c010,0x00000000d5980000)
  to   space 1024K, 0% used [0x00000000d5980000,0x00000000d5980000,0x00000000d5a80000)
 ParOldGen       total 581632K, used 581320K [0x0000000080000000, 0x00000000a3800000, 0x00000000d5580000)
  object space 581632K, 99% used [0x0000000080000000,0x00000000a37b2350,0x00000000a3800000)
 Metaspace       used 72838K, committed 74432K, reserved 1179648K
  class space    used 7795K, committed 8512K, reserved 1048576K
}
Event: 265.020 GC heap after
{Heap after GC invocations=479 (full 3):
 PSYoungGen      total 4608K, used 320K [0x00000000d5580000, 0x00000000d5a80000, 0x0000000100000000)
  eden space 3584K, 0% used [0x00000000d5580000,0x00000000d5580000,0x00000000d5900000)
  from space 1024K, 31% used [0x00000000d5980000,0x00000000d59d0000,0x00000000d5a80000)
  to   space 512K, 0% used [0x00000000d5900000,0x00000000d5900000,0x00000000d5980000)
 ParOldGen       total 582144K, used 581736K [0x0000000080000000, 0x00000000a3880000, 0x00000000d5580000)
  object space 582144K, 99% used [0x0000000080000000,0x00000000a381a360,0x00000000a3880000)
 Metaspace       used 72838K, committed 74432K, reserved 1179648K
  class space    used 7795K, committed 8512K, reserved 1048576K
}

